<?xml version="1.0" encoding="UTF-8"?>
<coverage generated="1721326263595" clover="3.2.0">
  <project timestamp="1721326263595" name="All files">
    <metrics statements="86" coveredstatements="67" conditionals="61" coveredconditionals="28" methods="33" coveredmethods="24" elements="180" coveredelements="119" complexity="0" loc="86" ncloc="86" packages="8" files="8" classes="8"/>
    <package name="native.useColorsAndLocations">
      <metrics statements="11" coveredstatements="10" conditionals="10" coveredconditionals="9" methods="4" coveredmethods="4"/>
      <file name="useColorsAndLocations.hook.tsx" path="/Users/landonjohnson/dev-local/workplaces/devlander/hooks/src/hooks/native/useColorsAndLocations/useColorsAndLocations.hook.tsx">
        <metrics statements="11" coveredstatements="10" conditionals="10" coveredconditionals="9" methods="4" coveredmethods="4"/>
        <line num="21" count="4" type="stmt"/>
        <line num="22" count="4" type="cond" truecount="2" falsecount="0"/>
        <line num="23" count="4" type="cond" truecount="2" falsecount="0"/>
        <line num="24" count="4" type="stmt"/>
        <line num="26" count="4" type="cond" truecount="1" falsecount="1"/>
        <line num="28" count="0" type="stmt"/>
        <line num="31" count="4" type="stmt"/>
        <line num="33" count="6" type="cond" truecount="2" falsecount="0"/>
        <line num="36" count="4" type="stmt"/>
        <line num="38" count="6" type="cond" truecount="2" falsecount="0"/>
        <line num="41" count="4" type="stmt"/>
      </file>
    </package>
    <package name="native.useContainerStyle">
      <metrics statements="8" coveredstatements="7" conditionals="8" coveredconditionals="4" methods="4" coveredmethods="3"/>
      <file name="useContainerStyle.hook.tsx" path="/Users/landonjohnson/dev-local/workplaces/devlander/hooks/src/hooks/native/useContainerStyle/useContainerStyle.hook.tsx">
        <metrics statements="8" coveredstatements="7" conditionals="8" coveredconditionals="4" methods="4" coveredmethods="3"/>
        <line num="28" count="1" type="stmt"/>
        <line num="32" count="3" type="stmt"/>
        <line num="33" count="3" type="cond" truecount="1" falsecount="1"/>
        <line num="35" count="2" type="stmt"/>
        <line num="39" count="3" type="cond" truecount="1" falsecount="1"/>
        <line num="41" count="0" type="stmt"/>
        <line num="45" count="3" type="stmt"/>
        <line num="48" count="3" type="stmt"/>
      </file>
    </package>
    <package name="native.useSrcResolver">
      <metrics statements="25" coveredstatements="23" conditionals="19" coveredconditionals="10" methods="6" coveredmethods="4"/>
      <file name="useSrcResolver.hook.tsx" path="/Users/landonjohnson/dev-local/workplaces/devlander/hooks/src/hooks/native/useSrcResolver/useSrcResolver.hook.tsx">
        <metrics statements="25" coveredstatements="23" conditionals="19" coveredconditionals="10" methods="6" coveredmethods="4"/>
        <line num="56" count="1" type="stmt"/>
        <line num="57" count="18" type="stmt"/>
        <line num="58" count="18" type="stmt"/>
        <line num="59" count="18" type="stmt"/>
        <line num="61" count="18" type="stmt"/>
        <line num="62" count="0" type="cond" truecount="0" falsecount="4"/>
        <line num="65" count="18" type="stmt"/>
        <line num="66" count="0" type="cond" truecount="0" falsecount="4"/>
        <line num="70" count="18" type="stmt"/>
        <line num="71" count="6" type="stmt"/>
        <line num="72" count="6" type="stmt"/>
        <line num="73" count="6" type="stmt"/>
        <line num="75" count="6" type="stmt"/>
        <line num="76" count="6" type="cond" truecount="2" falsecount="0"/>
        <line num="77" count="1" type="stmt"/>
        <line num="78" count="5" type="cond" truecount="5" falsecount="0"/>
        <line num="79" count="1" type="stmt"/>
        <line num="80" count="4" type="cond" truecount="2" falsecount="0"/>
        <line num="81" count="3" type="stmt"/>
        <line num="82" count="2" type="stmt"/>
        <line num="85" count="1" type="stmt"/>
        <line num="86" count="1" type="stmt"/>
        <line num="94" count="6" type="stmt"/>
        <line num="98" count="6" type="stmt"/>
        <line num="101" count="18" type="stmt"/>
      </file>
    </package>
    <package name="shared.useAbbreviateNumber">
      <metrics statements="4" coveredstatements="4" conditionals="4" coveredconditionals="3" methods="2" coveredmethods="2"/>
      <file name="useAbbreviateNumber.hook.tsx" path="/Users/landonjohnson/dev-local/workplaces/devlander/hooks/src/hooks/shared/useAbbreviateNumber/useAbbreviateNumber.hook.tsx">
        <metrics statements="4" coveredstatements="4" conditionals="4" coveredconditionals="3" methods="2" coveredmethods="2"/>
        <line num="35" count="6" type="cond" truecount="3" falsecount="1"/>
        <line num="37" count="6" type="stmt"/>
        <line num="38" count="6" type="stmt"/>
        <line num="41" count="6" type="stmt"/>
      </file>
    </package>
    <package name="shared.useFormattedParagraphs">
      <metrics statements="5" coveredstatements="5" conditionals="1" coveredconditionals="1" methods="4" coveredmethods="4"/>
      <file name="useFormattedParagraphs.hook.tsx" path="/Users/landonjohnson/dev-local/workplaces/devlander/hooks/src/hooks/shared/useFormattedParagraphs/useFormattedParagraphs.hook.tsx">
        <metrics statements="5" coveredstatements="5" conditionals="1" coveredconditionals="1" methods="4" coveredmethods="4"/>
        <line num="3" count="1" type="cond" truecount="1" falsecount="0"/>
        <line num="5" count="3" type="stmt"/>
        <line num="8" count="3" type="stmt"/>
        <line num="9" count="7" type="stmt"/>
        <line num="14" count="3" type="stmt"/>
      </file>
    </package>
    <package name="shared.useIsMounted">
      <metrics statements="6" coveredstatements="6" conditionals="0" coveredconditionals="0" methods="3" coveredmethods="3"/>
      <file name="useIsMounted.hook.tsx" path="/Users/landonjohnson/dev-local/workplaces/devlander/hooks/src/hooks/shared/useIsMounted/useIsMounted.hook.tsx">
        <metrics statements="6" coveredstatements="6" conditionals="0" coveredconditionals="0" methods="3" coveredmethods="3"/>
        <line num="4" count="2" type="stmt"/>
        <line num="6" count="2" type="stmt"/>
        <line num="7" count="2" type="stmt"/>
        <line num="9" count="2" type="stmt"/>
        <line num="10" count="2" type="stmt"/>
        <line num="14" count="2" type="stmt"/>
      </file>
    </package>
    <package name="shared.useScreenDimensions">
      <metrics statements="14" coveredstatements="1" conditionals="9" coveredconditionals="0" methods="6" coveredmethods="0"/>
      <file name="useScreenDimensions.hook.tsx" path="/Users/landonjohnson/dev-local/workplaces/devlander/hooks/src/hooks/shared/useScreenDimensions/useScreenDimensions.hook.tsx">
        <metrics statements="14" coveredstatements="1" conditionals="9" coveredconditionals="0" methods="6" coveredmethods="0"/>
        <line num="25" count="1" type="stmt"/>
        <line num="31" count="0" type="stmt"/>
        <line num="32" count="0" type="cond" truecount="0" falsecount="2"/>
        <line num="33" count="0" type="cond" truecount="0" falsecount="5"/>
        <line num="34" count="0" type="stmt"/>
        <line num="37" count="0" type="stmt"/>
        <line num="41" count="0" type="stmt"/>
        <line num="46" count="0" type="stmt"/>
        <line num="47" count="0" type="stmt"/>
        <line num="49" count="0" type="cond" truecount="0" falsecount="2"/>
        <line num="50" count="0" type="stmt"/>
        <line num="58" count="0" type="stmt"/>
        <line num="61" count="0" type="stmt"/>
        <line num="64" count="0" type="stmt"/>
      </file>
    </package>
    <package name="web.useElementSize">
      <metrics statements="13" coveredstatements="11" conditionals="10" coveredconditionals="1" methods="4" coveredmethods="4"/>
      <file name="useElementSize.hook.tsx" path="/Users/landonjohnson/dev-local/workplaces/devlander/hooks/src/hooks/web/useElementSize/useElementSize.hook.tsx">
        <metrics statements="13" coveredstatements="11" conditionals="10" coveredconditionals="1" methods="4" coveredmethods="4"/>
        <line num="17" count="1" type="stmt"/>
        <line num="21" count="3" type="stmt"/>
        <line num="22" count="3" type="stmt"/>
        <line num="29" count="3" type="stmt"/>
        <line num="30" count="3" type="stmt"/>
        <line num="31" count="3" type="cond" truecount="1" falsecount="1"/>
        <line num="32" count="0" type="stmt"/>
        <line num="33" count="0" type="stmt"/>
        <line num="43" count="3" type="stmt"/>
        <line num="46" count="3" type="stmt"/>
        <line num="49" count="3" type="stmt"/>
        <line num="50" count="3" type="stmt"/>
        <line num="54" count="3" type="stmt"/>
      </file>
    </package>
  </project>
</coverage>
