{"/Users/landonjohnson/dev-local/workplaces/devlander/hooks/src/hooks/native/useColorsAndLocations/useColorsAndLocations.hook.tsx": {"path":"/Users/landonjohnson/dev-local/workplaces/devlander/hooks/src/hooks/native/useColorsAndLocations/useColorsAndLocations.hook.tsx","statementMap":{"0":{"start":{"line":21,"column":2},"end":{"line":42,"column":41}},"1":{"start":{"line":22,"column":19},"end":{"line":22,"column":39}},"2":{"start":{"line":23,"column":20},"end":{"line":23,"column":43}},"3":{"start":{"line":24,"column":22},"end":{"line":24,"column":63}},"4":{"start":{"line":26,"column":4},"end":{"line":29,"column":5}},"5":{"start":{"line":28,"column":6},"end":{"line":28,"column":35}},"6":{"start":{"line":31,"column":28},"end":{"line":34,"column":5}},"7":{"start":{"line":33,"column":20},"end":{"line":33,"column":46}},"8":{"start":{"line":36,"column":31},"end":{"line":39,"column":5}},"9":{"start":{"line":38,"column":20},"end":{"line":38,"column":41}},"10":{"start":{"line":41,"column":4},"end":{"line":41,"column":69}}},"fnMap":{"0":{"name":"useColorsAndLocations","decl":{"start":{"line":17,"column":16},"end":{"line":17,"column":37}},"loc":{"start":{"line":20,"column":2},"end":{"line":43,"column":1}},"line":20},"1":{"name":"(anonymous_1)","decl":{"start":{"line":21,"column":17},"end":{"line":21,"column":18}},"loc":{"start":{"line":21,"column":23},"end":{"line":42,"column":3}},"line":21},"2":{"name":"(anonymous_2)","decl":{"start":{"line":33,"column":6},"end":{"line":33,"column":7}},"loc":{"start":{"line":33,"column":20},"end":{"line":33,"column":46}},"line":33},"3":{"name":"(anonymous_3)","decl":{"start":{"line":38,"column":6},"end":{"line":38,"column":7}},"loc":{"start":{"line":38,"column":20},"end":{"line":38,"column":41}},"line":38}},"branchMap":{"0":{"loc":{"start":{"line":22,"column":19},"end":{"line":22,"column":39}},"type":"binary-expr","locations":[{"start":{"line":22,"column":19},"end":{"line":22,"column":33}},{"start":{"line":22,"column":37},"end":{"line":22,"column":39}}],"line":22},"1":{"loc":{"start":{"line":23,"column":20},"end":{"line":23,"column":43}},"type":"binary-expr","locations":[{"start":{"line":23,"column":20},"end":{"line":23,"column":37}},{"start":{"line":23,"column":41},"end":{"line":23,"column":43}}],"line":23},"2":{"loc":{"start":{"line":26,"column":4},"end":{"line":29,"column":5}},"type":"if","locations":[{"start":{"line":26,"column":4},"end":{"line":29,"column":5}},{"start":{},"end":{}}],"line":26},"3":{"loc":{"start":{"line":33,"column":20},"end":{"line":33,"column":46}},"type":"binary-expr","locations":[{"start":{"line":33,"column":20},"end":{"line":33,"column":33}},{"start":{"line":33,"column":37},"end":{"line":33,"column":46}}],"line":33},"4":{"loc":{"start":{"line":38,"column":20},"end":{"line":38,"column":41}},"type":"binary-expr","locations":[{"start":{"line":38,"column":20},"end":{"line":38,"column":36}},{"start":{"line":38,"column":40},"end":{"line":38,"column":41}}],"line":38}},"s":{"0":4,"1":4,"2":4,"3":4,"4":4,"5":0,"6":4,"7":6,"8":4,"9":6,"10":4},"f":{"0":4,"1":4,"2":6,"3":6},"b":{"0":[4,1],"1":[4,1],"2":[0,4],"3":[6,2],"4":[6,2]},"_coverageSchema":"1a1c01bbd47fc00a2c39e90264f33305004495a9","hash":"6f8d8165376d8dba0d2ba0516ec9e510d4616b5a"}
,"/Users/landonjohnson/dev-local/workplaces/devlander/hooks/src/hooks/native/useContainerStyle/useContainerStyle.hook.tsx": {"path":"/Users/landonjohnson/dev-local/workplaces/devlander/hooks/src/hooks/native/useContainerStyle/useContainerStyle.hook.tsx","statementMap":{"0":{"start":{"line":28,"column":33},"end":{"line":49,"column":1}},"1":{"start":{"line":32,"column":29},"end":{"line":46,"column":38}},"2":{"start":{"line":33,"column":25},"end":{"line":37,"column":10}},"3":{"start":{"line":35,"column":54},"end":{"line":35,"column":74}},"4":{"start":{"line":39,"column":28},"end":{"line":43,"column":10}},"5":{"start":{"line":41,"column":44},"end":{"line":41,"column":64}},"6":{"start":{"line":45,"column":4},"end":{"line":45,"column":50}},"7":{"start":{"line":48,"column":2},"end":{"line":48,"column":27}}},"fnMap":{"0":{"name":"(anonymous_0)","decl":{"start":{"line":28,"column":33},"end":{"line":28,"column":34}},"loc":{"start":{"line":31,"column":16},"end":{"line":49,"column":1}},"line":31},"1":{"name":"(anonymous_1)","decl":{"start":{"line":32,"column":37},"end":{"line":32,"column":38}},"loc":{"start":{"line":32,"column":43},"end":{"line":46,"column":3}},"line":32},"2":{"name":"(anonymous_2)","decl":{"start":{"line":35,"column":37},"end":{"line":35,"column":38}},"loc":{"start":{"line":35,"column":54},"end":{"line":35,"column":74}},"line":35},"3":{"name":"(anonymous_3)","decl":{"start":{"line":41,"column":27},"end":{"line":41,"column":28}},"loc":{"start":{"line":41,"column":44},"end":{"line":41,"column":64}},"line":41}},"branchMap":{"0":{"loc":{"start":{"line":33,"column":25},"end":{"line":37,"column":10}},"type":"cond-expr","locations":[{"start":{"line":34,"column":8},"end":{"line":36,"column":29}},{"start":{"line":37,"column":8},"end":{"line":37,"column":10}}],"line":33},"1":{"loc":{"start":{"line":34,"column":8},"end":{"line":36,"column":29}},"type":"cond-expr","locations":[{"start":{"line":35,"column":10},"end":{"line":35,"column":80}},{"start":{"line":36,"column":10},"end":{"line":36,"column":29}}],"line":34},"2":{"loc":{"start":{"line":39,"column":28},"end":{"line":43,"column":10}},"type":"cond-expr","locations":[{"start":{"line":40,"column":8},"end":{"line":42,"column":19}},{"start":{"line":43,"column":8},"end":{"line":43,"column":10}}],"line":39},"3":{"loc":{"start":{"line":40,"column":8},"end":{"line":42,"column":19}},"type":"cond-expr","locations":[{"start":{"line":41,"column":10},"end":{"line":41,"column":70}},{"start":{"line":42,"column":10},"end":{"line":42,"column":19}}],"line":40}},"s":{"0":1,"1":3,"2":3,"3":2,"4":3,"5":0,"6":3,"7":3},"f":{"0":3,"1":3,"2":2,"3":0},"b":{"0":[3,0],"1":[1,2],"2":[0,3],"3":[0,0]},"_coverageSchema":"1a1c01bbd47fc00a2c39e90264f33305004495a9","hash":"8ae26043c7f3867adbc812c310281a8ebc967f3a"}
,"/Users/landonjohnson/dev-local/workplaces/devlander/hooks/src/hooks/native/useSrcResolver/useSrcResolver.hook.tsx": {"path":"/Users/landonjohnson/dev-local/workplaces/devlander/hooks/src/hooks/native/useSrcResolver/useSrcResolver.hook.tsx","statementMap":{"0":{"start":{"line":56,"column":30},"end":{"line":106,"column":1}},"1":{"start":{"line":57,"column":32},"end":{"line":57,"column":56}},"2":{"start":{"line":58,"column":30},"end":{"line":58,"column":58}},"3":{"start":{"line":59,"column":40},"end":{"line":59,"column":70}},"4":{"start":{"line":61,"column":25},"end":{"line":64,"column":3}},"5":{"start":{"line":62,"column":11},"end":{"line":62,"column":69}},"6":{"start":{"line":65,"column":22},"end":{"line":68,"column":3}},"7":{"start":{"line":66,"column":11},"end":{"line":66,"column":66}},"8":{"start":{"line":70,"column":2},"end":{"line":99,"column":40}},"9":{"start":{"line":71,"column":23},"end":{"line":96,"column":5}},"10":{"start":{"line":72,"column":6},"end":{"line":72,"column":22}},"11":{"start":{"line":73,"column":6},"end":{"line":73,"column":19}},"12":{"start":{"line":75,"column":6},"end":{"line":95,"column":7}},"13":{"start":{"line":76,"column":8},"end":{"line":83,"column":9}},"14":{"start":{"line":77,"column":10},"end":{"line":77,"column":29}},"15":{"start":{"line":78,"column":15},"end":{"line":83,"column":9}},"16":{"start":{"line":79,"column":10},"end":{"line":79,"column":33}},"17":{"start":{"line":80,"column":15},"end":{"line":83,"column":9}},"18":{"start":{"line":81,"column":25},"end":{"line":81,"column":36}},"19":{"start":{"line":82,"column":10},"end":{"line":82,"column":32}},"20":{"start":{"line":85,"column":8},"end":{"line":85,"column":55}},"21":{"start":{"line":86,"column":8},"end":{"line":92,"column":10}},"22":{"start":{"line":86,"column":34},"end":{"line":92,"column":9}},"23":{"start":{"line":94,"column":8},"end":{"line":94,"column":25}},"24":{"start":{"line":98,"column":4},"end":{"line":98,"column":16}},"25":{"start":{"line":101,"column":2},"end":{"line":105,"column":3}}},"fnMap":{"0":{"name":"(anonymous_0)","decl":{"start":{"line":56,"column":30},"end":{"line":56,"column":31}},"loc":{"start":{"line":56,"column":71},"end":{"line":106,"column":1}},"line":56},"1":{"name":"(anonymous_1)","decl":{"start":{"line":62,"column":4},"end":{"line":62,"column":5}},"loc":{"start":{"line":62,"column":11},"end":{"line":62,"column":69}},"line":62},"2":{"name":"(anonymous_2)","decl":{"start":{"line":66,"column":4},"end":{"line":66,"column":5}},"loc":{"start":{"line":66,"column":11},"end":{"line":66,"column":66}},"line":66},"3":{"name":"(anonymous_3)","decl":{"start":{"line":70,"column":12},"end":{"line":70,"column":13}},"loc":{"start":{"line":70,"column":18},"end":{"line":99,"column":3}},"line":70},"4":{"name":"(anonymous_4)","decl":{"start":{"line":71,"column":23},"end":{"line":71,"column":24}},"loc":{"start":{"line":71,"column":35},"end":{"line":96,"column":5}},"line":71},"5":{"name":"(anonymous_5)","decl":{"start":{"line":86,"column":18},"end":{"line":86,"column":19}},"loc":{"start":{"line":86,"column":34},"end":{"line":92,"column":9}},"line":86}},"branchMap":{"0":{"loc":{"start":{"line":62,"column":11},"end":{"line":62,"column":69}},"type":"cond-expr","locations":[{"start":{"line":62,"column":44},"end":{"line":62,"column":63}},{"start":{"line":62,"column":66},"end":{"line":62,"column":69}}],"line":62},"1":{"loc":{"start":{"line":62,"column":11},"end":{"line":62,"column":41}},"type":"binary-expr","locations":[{"start":{"line":62,"column":11},"end":{"line":62,"column":14}},{"start":{"line":62,"column":18},"end":{"line":62,"column":41}}],"line":62},"2":{"loc":{"start":{"line":66,"column":11},"end":{"line":66,"column":66}},"type":"cond-expr","locations":[{"start":{"line":66,"column":46},"end":{"line":66,"column":60}},{"start":{"line":66,"column":63},"end":{"line":66,"column":66}}],"line":66},"3":{"loc":{"start":{"line":66,"column":11},"end":{"line":66,"column":43}},"type":"binary-expr","locations":[{"start":{"line":66,"column":11},"end":{"line":66,"column":14}},{"start":{"line":66,"column":18},"end":{"line":66,"column":43}}],"line":66},"4":{"loc":{"start":{"line":76,"column":8},"end":{"line":83,"column":9}},"type":"if","locations":[{"start":{"line":76,"column":8},"end":{"line":83,"column":9}},{"start":{"line":78,"column":15},"end":{"line":83,"column":9}}],"line":76},"5":{"loc":{"start":{"line":78,"column":15},"end":{"line":83,"column":9}},"type":"if","locations":[{"start":{"line":78,"column":15},"end":{"line":83,"column":9}},{"start":{"line":80,"column":15},"end":{"line":83,"column":9}}],"line":78},"6":{"loc":{"start":{"line":78,"column":19},"end":{"line":78,"column":65}},"type":"binary-expr","locations":[{"start":{"line":78,"column":19},"end":{"line":78,"column":22}},{"start":{"line":78,"column":26},"end":{"line":78,"column":49}},{"start":{"line":78,"column":53},"end":{"line":78,"column":65}}],"line":78},"7":{"loc":{"start":{"line":80,"column":15},"end":{"line":83,"column":9}},"type":"if","locations":[{"start":{"line":80,"column":15},"end":{"line":83,"column":9}},{"start":{},"end":{}}],"line":80},"8":{"loc":{"start":{"line":90,"column":19},"end":{"line":90,"column":76}},"type":"cond-expr","locations":[{"start":{"line":90,"column":44},"end":{"line":90,"column":49}},{"start":{"line":90,"column":52},"end":{"line":90,"column":76}}],"line":90}},"s":{"0":1,"1":18,"2":18,"3":18,"4":18,"5":0,"6":18,"7":0,"8":18,"9":6,"10":6,"11":6,"12":6,"13":6,"14":1,"15":5,"16":1,"17":4,"18":3,"19":2,"20":1,"21":1,"22":1,"23":6,"24":6,"25":18},"f":{"0":18,"1":0,"2":0,"3":6,"4":6,"5":1},"b":{"0":[0,0],"1":[0,0],"2":[0,0],"3":[0,0],"4":[1,5],"5":[1,4],"6":[5,4,1],"7":[3,1],"8":[1,0]},"_coverageSchema":"1a1c01bbd47fc00a2c39e90264f33305004495a9","hash":"909157ddb64617a9be474dbd7bc144a3667b9ef7"}
,"/Users/landonjohnson/dev-local/workplaces/devlander/hooks/src/hooks/shared/useAbbreviateNumber/useAbbreviateNumber.hook.tsx": {"path":"/Users/landonjohnson/dev-local/workplaces/devlander/hooks/src/hooks/shared/useAbbreviateNumber/useAbbreviateNumber.hook.tsx","statementMap":{"0":{"start":{"line":35,"column":67},"end":{"line":35,"column":79}},"1":{"start":{"line":37,"column":22},"end":{"line":39,"column":35}},"2":{"start":{"line":38,"column":4},"end":{"line":38,"column":66}},"3":{"start":{"line":41,"column":2},"end":{"line":41,"column":20}}},"fnMap":{"0":{"name":"useAbbreviateNumber","decl":{"start":{"line":34,"column":16},"end":{"line":34,"column":35}},"loc":{"start":{"line":34,"column":79},"end":{"line":42,"column":1}},"line":34},"1":{"name":"(anonymous_1)","decl":{"start":{"line":37,"column":30},"end":{"line":37,"column":31}},"loc":{"start":{"line":37,"column":36},"end":{"line":39,"column":3}},"line":37}},"branchMap":{"0":{"loc":{"start":{"line":35,"column":17},"end":{"line":35,"column":34}},"type":"default-arg","locations":[{"start":{"line":35,"column":28},"end":{"line":35,"column":34}}],"line":35},"1":{"loc":{"start":{"line":35,"column":42},"end":{"line":35,"column":62}},"type":"default-arg","locations":[{"start":{"line":35,"column":55},"end":{"line":35,"column":62}}],"line":35},"2":{"loc":{"start":{"line":35,"column":67},"end":{"line":35,"column":79}},"type":"binary-expr","locations":[{"start":{"line":35,"column":67},"end":{"line":35,"column":73}},{"start":{"line":35,"column":77},"end":{"line":35,"column":79}}],"line":35}},"s":{"0":6,"1":6,"2":6,"3":6},"f":{"0":6,"1":6},"b":{"0":[4],"1":[6],"2":[6,0]},"_coverageSchema":"1a1c01bbd47fc00a2c39e90264f33305004495a9","hash":"1325a001f99ee19fe47fb2b55cf751a5cd4fb2f1"}
,"/Users/landonjohnson/dev-local/workplaces/devlander/hooks/src/hooks/shared/useFormattedParagraphs/useFormattedParagraphs.hook.tsx": {"path":"/Users/landonjohnson/dev-local/workplaces/devlander/hooks/src/hooks/shared/useFormattedParagraphs/useFormattedParagraphs.hook.tsx","statementMap":{"0":{"start":{"line":3,"column":38},"end":{"line":15,"column":1}},"1":{"start":{"line":5,"column":21},"end":{"line":5,"column":74}},"2":{"start":{"line":5,"column":35},"end":{"line":5,"column":58}},"3":{"start":{"line":8,"column":30},"end":{"line":11,"column":3}},"4":{"start":{"line":9,"column":10},"end":{"line":9,"column":67}},"5":{"start":{"line":9,"column":43},"end":{"line":9,"column":66}},"6":{"start":{"line":14,"column":2},"end":{"line":14,"column":39}}},"fnMap":{"0":{"name":"(anonymous_0)","decl":{"start":{"line":3,"column":38},"end":{"line":3,"column":39}},"loc":{"start":{"line":3,"column":60},"end":{"line":15,"column":1}},"line":3},"1":{"name":"(anonymous_1)","decl":{"start":{"line":5,"column":29},"end":{"line":5,"column":30}},"loc":{"start":{"line":5,"column":35},"end":{"line":5,"column":58}},"line":5},"2":{"name":"(anonymous_2)","decl":{"start":{"line":9,"column":4},"end":{"line":9,"column":5}},"loc":{"start":{"line":9,"column":10},"end":{"line":9,"column":67}},"line":9},"3":{"name":"(anonymous_3)","decl":{"start":{"line":9,"column":28},"end":{"line":9,"column":29}},"loc":{"start":{"line":9,"column":43},"end":{"line":9,"column":66}},"line":9}},"branchMap":{"0":{"loc":{"start":{"line":3,"column":39},"end":{"line":3,"column":55}},"type":"default-arg","locations":[{"start":{"line":3,"column":53},"end":{"line":3,"column":55}}],"line":3}},"s":{"0":1,"1":3,"2":3,"3":3,"4":3,"5":7,"6":3},"f":{"0":3,"1":3,"2":3,"3":7},"b":{"0":[1]},"_coverageSchema":"1a1c01bbd47fc00a2c39e90264f33305004495a9","hash":"1e865b45689bf352eeb1c00b7fe4b0fc071b0bc9"}
,"/Users/landonjohnson/dev-local/workplaces/devlander/hooks/src/hooks/shared/useIsMounted/useIsMounted.hook.tsx": {"path":"/Users/landonjohnson/dev-local/workplaces/devlander/hooks/src/hooks/shared/useIsMounted/useIsMounted.hook.tsx","statementMap":{"0":{"start":{"line":4,"column":20},"end":{"line":4,"column":33}},"1":{"start":{"line":6,"column":2},"end":{"line":12,"column":8}},"2":{"start":{"line":7,"column":4},"end":{"line":7,"column":28}},"3":{"start":{"line":9,"column":4},"end":{"line":11,"column":5}},"4":{"start":{"line":10,"column":6},"end":{"line":10,"column":31}},"5":{"start":{"line":14,"column":2},"end":{"line":14,"column":18}}},"fnMap":{"0":{"name":"useIsMounted","decl":{"start":{"line":3,"column":16},"end":{"line":3,"column":28}},"loc":{"start":{"line":3,"column":62},"end":{"line":15,"column":1}},"line":3},"1":{"name":"(anonymous_1)","decl":{"start":{"line":6,"column":12},"end":{"line":6,"column":13}},"loc":{"start":{"line":6,"column":18},"end":{"line":12,"column":3}},"line":6},"2":{"name":"(anonymous_2)","decl":{"start":{"line":9,"column":11},"end":{"line":9,"column":12}},"loc":{"start":{"line":9,"column":17},"end":{"line":11,"column":5}},"line":9}},"branchMap":{},"s":{"0":2,"1":2,"2":2,"3":2,"4":2,"5":2},"f":{"0":2,"1":2,"2":2},"b":{},"_coverageSchema":"1a1c01bbd47fc00a2c39e90264f33305004495a9","hash":"b20b407d5bc4c2d727654fc7cd5b5468c46ff586"}
,"/Users/landonjohnson/dev-local/workplaces/devlander/hooks/src/hooks/shared/useScreenDimensions/useScreenDimensions.hook.tsx": {"path":"/Users/landonjohnson/dev-local/workplaces/devlander/hooks/src/hooks/shared/useScreenDimensions/useScreenDimensions.hook.tsx","statementMap":{"0":{"start":{"line":25,"column":35},"end":{"line":65,"column":1}},"1":{"start":{"line":31,"column":20},"end":{"line":38,"column":15}},"2":{"start":{"line":32,"column":26},"end":{"line":32,"column":39}},"3":{"start":{"line":33,"column":4},"end":{"line":35,"column":5}},"4":{"start":{"line":34,"column":6},"end":{"line":34,"column":22}},"5":{"start":{"line":37,"column":4},"end":{"line":37,"column":19}},"6":{"start":{"line":41,"column":38},"end":{"line":43,"column":3}},"7":{"start":{"line":46,"column":2},"end":{"line":62,"column":17}},"8":{"start":{"line":47,"column":21},"end":{"line":55,"column":5}},"9":{"start":{"line":49,"column":8},"end":{"line":49,"column":60}},"10":{"start":{"line":50,"column":6},"end":{"line":54,"column":9}},"11":{"start":{"line":50,"column":35},"end":{"line":54,"column":7}},"12":{"start":{"line":58,"column":24},"end":{"line":58,"column":71}},"13":{"start":{"line":61,"column":4},"end":{"line":61,"column":37}},"14":{"start":{"line":61,"column":17},"end":{"line":61,"column":37}},"15":{"start":{"line":64,"column":2},"end":{"line":64,"column":19}}},"fnMap":{"0":{"name":"(anonymous_0)","decl":{"start":{"line":25,"column":35},"end":{"line":25,"column":36}},"loc":{"start":{"line":27,"column":17},"end":{"line":65,"column":1}},"line":27},"1":{"name":"(anonymous_1)","decl":{"start":{"line":31,"column":28},"end":{"line":31,"column":29}},"loc":{"start":{"line":31,"column":34},"end":{"line":38,"column":3}},"line":31},"2":{"name":"(anonymous_2)","decl":{"start":{"line":46,"column":12},"end":{"line":46,"column":13}},"loc":{"start":{"line":46,"column":18},"end":{"line":62,"column":3}},"line":46},"3":{"name":"(anonymous_3)","decl":{"start":{"line":47,"column":21},"end":{"line":47,"column":22}},"loc":{"start":{"line":47,"column":76},"end":{"line":55,"column":5}},"line":47},"4":{"name":"(anonymous_4)","decl":{"start":{"line":50,"column":20},"end":{"line":50,"column":21}},"loc":{"start":{"line":50,"column":35},"end":{"line":54,"column":7}},"line":50},"5":{"name":"(anonymous_5)","decl":{"start":{"line":61,"column":11},"end":{"line":61,"column":12}},"loc":{"start":{"line":61,"column":17},"end":{"line":61,"column":37}},"line":61}},"branchMap":{"0":{"loc":{"start":{"line":32,"column":26},"end":{"line":32,"column":39}},"type":"binary-expr","locations":[{"start":{"line":32,"column":26},"end":{"line":32,"column":33}},{"start":{"line":32,"column":37},"end":{"line":32,"column":39}}],"line":32},"1":{"loc":{"start":{"line":33,"column":4},"end":{"line":35,"column":5}},"type":"if","locations":[{"start":{"line":33,"column":4},"end":{"line":35,"column":5}},{"start":{},"end":{}}],"line":33},"2":{"loc":{"start":{"line":33,"column":8},"end":{"line":33,"column":71}},"type":"binary-expr","locations":[{"start":{"line":33,"column":8},"end":{"line":33,"column":17}},{"start":{"line":33,"column":22},"end":{"line":33,"column":44}},{"start":{"line":33,"column":48},"end":{"line":33,"column":70}}],"line":33},"3":{"loc":{"start":{"line":49,"column":8},"end":{"line":49,"column":60}},"type":"cond-expr","locations":[{"start":{"line":49,"column":33},"end":{"line":49,"column":45}},{"start":{"line":49,"column":48},"end":{"line":49,"column":60}}],"line":49}},"s":{"0":1,"1":0,"2":0,"3":0,"4":0,"5":0,"6":0,"7":0,"8":0,"9":0,"10":0,"11":0,"12":0,"13":0,"14":0,"15":0},"f":{"0":0,"1":0,"2":0,"3":0,"4":0,"5":0},"b":{"0":[0,0],"1":[0,0],"2":[0,0,0],"3":[0,0]},"_coverageSchema":"1a1c01bbd47fc00a2c39e90264f33305004495a9","hash":"91a4e70dea7241953756263bf3b88f5a22805185"}
,"/Users/landonjohnson/dev-local/workplaces/devlander/hooks/src/hooks/web/useElementSize/useElementSize.hook.tsx": {"path":"/Users/landonjohnson/dev-local/workplaces/devlander/hooks/src/hooks/web/useElementSize/useElementSize.hook.tsx","statementMap":{"0":{"start":{"line":17,"column":30},"end":{"line":55,"column":1}},"1":{"start":{"line":21,"column":14},"end":{"line":21,"column":46}},"2":{"start":{"line":22,"column":26},"end":{"line":27,"column":4}},"3":{"start":{"line":29,"column":2},"end":{"line":52,"column":8}},"4":{"start":{"line":30,"column":25},"end":{"line":40,"column":5}},"5":{"start":{"line":31,"column":6},"end":{"line":39,"column":7}},"6":{"start":{"line":32,"column":29},"end":{"line":32,"column":64}},"7":{"start":{"line":33,"column":8},"end":{"line":38,"column":10}},"8":{"start":{"line":43,"column":4},"end":{"line":43,"column":18}},"9":{"start":{"line":46,"column":4},"end":{"line":46,"column":51}},"10":{"start":{"line":49,"column":4},"end":{"line":51,"column":5}},"11":{"start":{"line":50,"column":6},"end":{"line":50,"column":56}},"12":{"start":{"line":54,"column":2},"end":{"line":54,"column":20}}},"fnMap":{"0":{"name":"(anonymous_0)","decl":{"start":{"line":17,"column":30},"end":{"line":17,"column":31}},"loc":{"start":{"line":20,"column":5},"end":{"line":55,"column":1}},"line":20},"1":{"name":"(anonymous_1)","decl":{"start":{"line":29,"column":12},"end":{"line":29,"column":13}},"loc":{"start":{"line":29,"column":18},"end":{"line":52,"column":3}},"line":29},"2":{"name":"(anonymous_2)","decl":{"start":{"line":30,"column":25},"end":{"line":30,"column":26}},"loc":{"start":{"line":30,"column":31},"end":{"line":40,"column":5}},"line":30},"3":{"name":"(anonymous_3)","decl":{"start":{"line":49,"column":11},"end":{"line":49,"column":12}},"loc":{"start":{"line":49,"column":17},"end":{"line":51,"column":5}},"line":49}},"branchMap":{"0":{"loc":{"start":{"line":31,"column":6},"end":{"line":39,"column":7}},"type":"if","locations":[{"start":{"line":31,"column":6},"end":{"line":39,"column":7}},{"start":{},"end":{}}],"line":31},"1":{"loc":{"start":{"line":34,"column":17},"end":{"line":34,"column":40}},"type":"binary-expr","locations":[{"start":{"line":34,"column":17},"end":{"line":34,"column":35}},{"start":{"line":34,"column":39},"end":{"line":34,"column":40}}],"line":34},"2":{"loc":{"start":{"line":35,"column":18},"end":{"line":35,"column":42}},"type":"binary-expr","locations":[{"start":{"line":35,"column":18},"end":{"line":35,"column":37}},{"start":{"line":35,"column":41},"end":{"line":35,"column":42}}],"line":35},"3":{"loc":{"start":{"line":36,"column":13},"end":{"line":36,"column":32}},"type":"binary-expr","locations":[{"start":{"line":36,"column":13},"end":{"line":36,"column":27}},{"start":{"line":36,"column":31},"end":{"line":36,"column":32}}],"line":36},"4":{"loc":{"start":{"line":37,"column":13},"end":{"line":37,"column":32}},"type":"binary-expr","locations":[{"start":{"line":37,"column":13},"end":{"line":37,"column":27}},{"start":{"line":37,"column":31},"end":{"line":37,"column":32}}],"line":37}},"s":{"0":1,"1":3,"2":3,"3":3,"4":3,"5":3,"6":0,"7":0,"8":3,"9":3,"10":3,"11":3,"12":3},"f":{"0":3,"1":3,"2":3,"3":3},"b":{"0":[0,3],"1":[0,0],"2":[0,0],"3":[0,0],"4":[0,0]},"_coverageSchema":"1a1c01bbd47fc00a2c39e90264f33305004495a9","hash":"43455bf4e2af0bae0ec37e803e2b3a2c4348e1d4"}
}
