TN:
SF:src/hooks/native/useColorsAndLocations/useColorsAndLocations.hook.tsx
FN:17,useColorsAndLocations
FN:21,(anonymous_1)
FN:33,(anonymous_2)
FN:38,(anonymous_3)
FNF:4
FNH:4
FNDA:4,useColorsAndLocations
FNDA:4,(anonymous_1)
FNDA:6,(anonymous_2)
FNDA:6,(anonymous_3)
DA:21,4
DA:22,4
DA:23,4
DA:24,4
DA:26,4
DA:28,0
DA:31,4
DA:33,6
DA:36,4
DA:38,6
DA:41,4
LF:11
LH:10
BRDA:22,0,0,4
BRDA:22,0,1,1
BRDA:23,1,0,4
BRDA:23,1,1,1
BRDA:26,2,0,0
BRDA:26,2,1,4
BRDA:33,3,0,6
BRDA:33,3,1,2
BRDA:38,4,0,6
BRDA:38,4,1,2
BRF:10
BRH:9
end_of_record
TN:
SF:src/hooks/native/useContainerStyle/useContainerStyle.hook.tsx
FN:28,(anonymous_0)
FN:32,(anonymous_1)
FN:35,(anonymous_2)
FN:41,(anonymous_3)
FNF:4
FNH:3
FNDA:3,(anonymous_0)
FNDA:3,(anonymous_1)
FNDA:2,(anonymous_2)
FNDA:0,(anonymous_3)
DA:28,1
DA:32,3
DA:33,3
DA:35,2
DA:39,3
DA:41,0
DA:45,3
DA:48,3
LF:8
LH:7
BRDA:33,0,0,3
BRDA:33,0,1,0
BRDA:34,1,0,1
BRDA:34,1,1,2
BRDA:39,2,0,0
BRDA:39,2,1,3
BRDA:40,3,0,0
BRDA:40,3,1,0
BRF:8
BRH:4
end_of_record
TN:
SF:src/hooks/native/useSrcResolver/useSrcResolver.hook.tsx
FN:56,(anonymous_0)
FN:62,(anonymous_1)
FN:66,(anonymous_2)
FN:70,(anonymous_3)
FN:71,(anonymous_4)
FN:86,(anonymous_5)
FNF:6
FNH:4
FNDA:18,(anonymous_0)
FNDA:0,(anonymous_1)
FNDA:0,(anonymous_2)
FNDA:6,(anonymous_3)
FNDA:6,(anonymous_4)
FNDA:1,(anonymous_5)
DA:56,1
DA:57,18
DA:58,18
DA:59,18
DA:61,18
DA:62,0
DA:65,18
DA:66,0
DA:70,18
DA:71,6
DA:72,6
DA:73,6
DA:75,6
DA:76,6
DA:77,1
DA:78,5
DA:79,1
DA:80,4
DA:81,3
DA:82,2
DA:85,1
DA:86,1
DA:94,6
DA:98,6
DA:101,18
LF:25
LH:23
BRDA:62,0,0,0
BRDA:62,0,1,0
BRDA:62,1,0,0
BRDA:62,1,1,0
BRDA:66,2,0,0
BRDA:66,2,1,0
BRDA:66,3,0,0
BRDA:66,3,1,0
BRDA:76,4,0,1
BRDA:76,4,1,5
BRDA:78,5,0,1
BRDA:78,5,1,4
BRDA:78,6,0,5
BRDA:78,6,1,4
BRDA:78,6,2,1
BRDA:80,7,0,3
BRDA:80,7,1,1
BRDA:90,8,0,1
BRDA:90,8,1,0
BRF:19
BRH:10
end_of_record
TN:
SF:src/hooks/shared/useAbbreviateNumber/useAbbreviateNumber.hook.tsx
FN:34,useAbbreviateNumber
FN:37,(anonymous_1)
FNF:2
FNH:2
FNDA:6,useAbbreviateNumber
FNDA:6,(anonymous_1)
DA:35,6
DA:37,6
DA:38,6
DA:41,6
LF:4
LH:4
BRDA:35,0,0,4
BRDA:35,1,0,6
BRDA:35,2,0,6
BRDA:35,2,1,0
BRF:4
BRH:3
end_of_record
TN:
SF:src/hooks/shared/useFormattedParagraphs/useFormattedParagraphs.hook.tsx
FN:3,(anonymous_0)
FN:5,(anonymous_1)
FN:9,(anonymous_2)
FN:9,(anonymous_3)
FNF:4
FNH:4
FNDA:3,(anonymous_0)
FNDA:3,(anonymous_1)
FNDA:3,(anonymous_2)
FNDA:7,(anonymous_3)
DA:3,1
DA:5,3
DA:8,3
DA:9,7
DA:14,3
LF:5
LH:5
BRDA:3,0,0,1
BRF:1
BRH:1
end_of_record
TN:
SF:src/hooks/shared/useIsMounted/useIsMounted.hook.tsx
FN:3,useIsMounted
FN:6,(anonymous_1)
FN:9,(anonymous_2)
FNF:3
FNH:3
FNDA:2,useIsMounted
FNDA:2,(anonymous_1)
FNDA:2,(anonymous_2)
DA:4,2
DA:6,2
DA:7,2
DA:9,2
DA:10,2
DA:14,2
LF:6
LH:6
BRF:0
BRH:0
end_of_record
TN:
SF:src/hooks/shared/useScreenDimensions/useScreenDimensions.hook.tsx
FN:25,(anonymous_0)
FN:31,(anonymous_1)
FN:46,(anonymous_2)
FN:47,(anonymous_3)
FN:50,(anonymous_4)
FN:61,(anonymous_5)
FNF:6
FNH:0
FNDA:0,(anonymous_0)
FNDA:0,(anonymous_1)
FNDA:0,(anonymous_2)
FNDA:0,(anonymous_3)
FNDA:0,(anonymous_4)
FNDA:0,(anonymous_5)
DA:25,1
DA:31,0
DA:32,0
DA:33,0
DA:34,0
DA:37,0
DA:41,0
DA:46,0
DA:47,0
DA:49,0
DA:50,0
DA:58,0
DA:61,0
DA:64,0
LF:14
LH:1
BRDA:32,0,0,0
BRDA:32,0,1,0
BRDA:33,1,0,0
BRDA:33,1,1,0
BRDA:33,2,0,0
BRDA:33,2,1,0
BRDA:33,2,2,0
BRDA:49,3,0,0
BRDA:49,3,1,0
BRF:9
BRH:0
end_of_record
TN:
SF:src/hooks/web/useElementSize/useElementSize.hook.tsx
FN:17,(anonymous_0)
FN:29,(anonymous_1)
FN:30,(anonymous_2)
FN:49,(anonymous_3)
FNF:4
FNH:4
FNDA:3,(anonymous_0)
FNDA:3,(anonymous_1)
FNDA:3,(anonymous_2)
FNDA:3,(anonymous_3)
DA:17,1
DA:21,3
DA:22,3
DA:29,3
DA:30,3
DA:31,3
DA:32,0
DA:33,0
DA:43,3
DA:46,3
DA:49,3
DA:50,3
DA:54,3
LF:13
LH:11
BRDA:31,0,0,0
BRDA:31,0,1,3
BRDA:34,1,0,0
BRDA:34,1,1,0
BRDA:35,2,0,0
BRDA:35,2,1,0
BRDA:36,3,0,0
BRDA:36,3,1,0
BRDA:37,4,0,0
BRDA:37,4,1,0
BRF:10
BRH:1
end_of_record
